e:\graphicsengine\engine\experimental\acaddm-vulkan\.int\acaddm-vulkan-x64-debug\vcpkg.applocal.log
e:\graphicsengine\engine\experimental\acaddm-vulkan\.int\acaddm-vulkan-x64-debug\acaddm-vulkan.pdb
e:\graphicsengine\engine\experimental\acaddm-vulkan\.int\acaddm-vulkan-x64-debug\acaddm-vulkan.idb
e:\graphicsengine\engine\experimental\acaddm-vulkan\.int\acaddm-vulkan-x64-debug\vkinstance.obj
e:\graphicsengine\engine\experimental\acaddm-vulkan\.int\acaddm-vulkan-x64-debug\giwindowsplatformvk.obj
e:\graphicsengine\engine\experimental\acaddm-vulkan\.int\acaddm-vulkan-x64-debug\gicommonvk.obj
e:\graphicsengine\engine\experimental\acaddm-vulkan\.int\acaddm-vulkan-x64-debug\giswapchainvk.obj
e:\graphicsengine\engine\experimental\acaddm-vulkan\.int\acaddm-vulkan-x64-debug\girenderpassvk.obj
e:\graphicsengine\engine\experimental\acaddm-vulkan\.int\acaddm-vulkan-x64-debug\giframebuffervk.obj
e:\graphicsengine\engine\experimental\acaddm-vulkan\.int\acaddm-vulkan-x64-debug\gidevicevk.obj
e:\graphicsengine\engine\experimental\acaddm-vulkan\.int\acaddm-vulkan-x64-debug\gidevicequeuevk.obj
e:\graphicsengine\engine\experimental\acaddm-vulkan\.int\acaddm-vulkan-x64-debug\gideviceobjectvk.obj
e:\graphicsengine\engine\experimental\acaddm-vulkan\.int\acaddm-vulkan-x64-debug\gicommandpoolvk.obj
e:\graphicsengine\engine\experimental\acaddm-vulkan\.int\acaddm-vulkan-x64-debug\gicommandbuffervk.obj
e:\graphicsengine\engine\experimental\acaddm-vulkan\.int\acaddm-vulkan-x64-debug\giandroidplatformvk.obj
e:\graphicsengine\engine\experimental\acaddm-vulkan\.int\acaddm-vulkan-x64-debug\gicomputepipelinevk.obj
e:\graphicsengine\engine\experimental\acaddm-vulkan\.int\acaddm-vulkan-x64-debug\gidevicecontextvk.obj
e:\graphicsengine\engine\experimental\acaddm-vulkan\.int\acaddm-vulkan-x64-debug\girenderstatesvk.obj
e:\graphicsengine\engine\experimental\acaddm-vulkan\bin\acaddm-vulkan-x64-debug\acaddm-vulkan.lib
e:\graphicsengine\engine\experimental\acaddm-vulkan\bin\acaddm-vulkan-x64-debug\acaddm-vulkan.pdb
e:\graphicsengine\engine\experimental\acaddm-vulkan\.int\acaddm-vulkan-x64-debug\acaddm-vulkan.tlog\acaddm-vulkan.write.1u.tlog
e:\graphicsengine\engine\experimental\acaddm-vulkan\.int\acaddm-vulkan-x64-debug\acaddm-vulkan.tlog\cl.command.1.tlog
e:\graphicsengine\engine\experimental\acaddm-vulkan\.int\acaddm-vulkan-x64-debug\acaddm-vulkan.tlog\cl.read.1.tlog
e:\graphicsengine\engine\experimental\acaddm-vulkan\.int\acaddm-vulkan-x64-debug\acaddm-vulkan.tlog\cl.write.1.tlog
e:\graphicsengine\engine\experimental\acaddm-vulkan\.int\acaddm-vulkan-x64-debug\acaddm-vulkan.tlog\lib-link.read.1.tlog
e:\graphicsengine\engine\experimental\acaddm-vulkan\.int\acaddm-vulkan-x64-debug\acaddm-vulkan.tlog\lib-link.write.1.tlog
e:\graphicsengine\engine\experimental\acaddm-vulkan\.int\acaddm-vulkan-x64-debug\acaddm-vulkan.tlog\lib.command.1.tlog
